[      45ms] Identifier 'pad' has already been declared
[      46ms] [LOG] [NASHTY AUTH] Initializing authentication system... @ http://localhost:3099/shared/auth.js:175
[      46ms] [LOG] [NASHTY AUTH] Message listener initialized @ http://localhost:3099/shared/auth.js:137
[      46ms] [LOG] [NASHTY AUTH] Fetch interceptor installed @ http://localhost:3099/shared/auth.js:168
[      46ms] [LOG] [NASHTY AUTH] Syncing auth data with API.session @ http://localhost:3099/shared/auth.js:225
[      46ms] [LOG] [NASHTY AUTH] Valid authentication found @ http://localhost:3099/shared/auth.js:208
[      46ms] [LOG] [NASHTY AUTH] User: Admin Demo @ http://localhost:3099/shared/auth.js:210
[      46ms] [LOG] [NASHTY AUTH] Outlet: Demo Outlet @ http://localhost:3099/shared/auth.js:211
[      47ms] [LOG] [NASHTY AUTH] Syncing auth data with API.session @ http://localhost:3099/shared/auth.js:225
[      62ms] [ERROR] Failed to load resource: the server responded with a status of 404 (Not Found) @ http://localhost:3099/pos/frontend/icon-192x192.png:0
[      67ms] [WARNING] Error while trying to use the following icon from the Manifest: http://localhost:3099/pos/frontend/icon-192x192.png (Download error or resource isn't a valid image) @ http://localhost:3099/pos/frontend/index.html:0
[      88ms] [LOG] Service Worker registered with scope: http://localhost:3099/pos/frontend/ @ http://localhost:3099/pos/frontend/index.html:3860
[     102ms] [ERROR] Failed to load resource: the server responded with a status of 400 (Bad Request) @ http://localhost:3099/api/shifts/start:0
[     104ms] [ERROR] API Error [/shifts/start]: Error: User already has an open shift
    at Object.request (http://localhost:3099/api-client-v2.js?v=2027:58:15)
    at async Object.start (http://localhost:3099/api-client-v2.js?v=2027:329:20)
    at async doLogin (http://localhost:3099/pos/frontend/js/auth.js?v=1781355680265:68:9) @ http://localhost:3099/api-client-v2.js?v=2027:62
[     105ms] [WARNING] Shift start info: User already has an open shift @ http://localhost:3099/pos/frontend/js/auth.js?v=1781355680265:69
[     123ms] ReferenceError: CATS is not defined
    at initCats (http://localhost:3099/pos/frontend/js/products.js:6:7)
    at doLogin (http://localhost:3099/pos/frontend/js/auth.js?v=1781355680265:120:7)
