[      44ms] [LOG] [NASHTY AUTH] Initializing authentication system... @ http://localhost:3099/shared/auth.js:175
[      45ms] [LOG] [NASHTY AUTH] Message listener initialized @ http://localhost:3099/shared/auth.js:137
[      45ms] [LOG] [NASHTY AUTH] Fetch interceptor installed @ http://localhost:3099/shared/auth.js:168
[      45ms] [LOG] [NASHTY AUTH] Syncing auth data with API.session @ http://localhost:3099/shared/auth.js:225
[      45ms] [LOG] [NASHTY AUTH] Valid authentication found @ http://localhost:3099/shared/auth.js:208
[      45ms] [LOG] [NASHTY AUTH] User: Admin Demo @ http://localhost:3099/shared/auth.js:210
[      45ms] [LOG] [NASHTY AUTH] Outlet: Demo Outlet @ http://localhost:3099/shared/auth.js:211
[      45ms] [LOG] [NASHTY AUTH] Syncing auth data with API.session @ http://localhost:3099/shared/auth.js:225
[      53ms] [ERROR] Failed to load resource: the server responded with a status of 404 (Not Found) @ http://localhost:3099/pos/frontend/icon-192x192.png:0
[      54ms] [WARNING] Error while trying to use the following icon from the Manifest: http://localhost:3099/pos/frontend/icon-192x192.png (Download error or resource isn't a valid image) @ http://localhost:3099/pos/frontend/index.html:0
[      79ms] [LOG] Service Worker registered with scope: http://localhost:3099/pos/frontend/ @ http://localhost:3099/pos/frontend/index.html:3860
[     106ms] [ERROR] Failed to load resource: the server responded with a status of 500 (Internal Server Error) @ http://localhost:3099/api/shifts/start:0
[     108ms] [ERROR] API Error [/shifts/start]: Error: FOREIGN KEY constraint failed
    at Object.request (http://localhost:3099/api-client-v2.js?v=2027:58:15)
    at async Object.start (http://localhost:3099/api-client-v2.js?v=2027:329:20)
    at async doLogin (http://localhost:3099/pos/frontend/js/auth.js?v=1781355680265:68:9) @ http://localhost:3099/api-client-v2.js?v=2027:62
[     108ms] [WARNING] Shift start info: FOREIGN KEY constraint failed @ http://localhost:3099/pos/frontend/js/auth.js?v=1781355680265:69
[  104175ms] [LOG] [NASHTY AUTH] Initializing authentication system... @ http://localhost:3099/shared/auth.js:175
[  104175ms] [LOG] [NASHTY AUTH] Message listener initialized @ http://localhost:3099/shared/auth.js:137
[  104175ms] [LOG] [NASHTY AUTH] Fetch interceptor installed @ http://localhost:3099/shared/auth.js:168
[  104175ms] [WARNING] [NASHTY AUTH] No valid authentication found @ http://localhost:3099/shared/auth.js:188
[  104175ms] [LOG] [NASHTY AUTH] DEV MODE — Skipping auth redirect, using demo credentials @ http://localhost:3099/shared/auth.js:192
[  104176ms] [LOG] [NASHTY AUTH] Authentication data stored successfully @ http://localhost:3099/shared/auth.js:54
[  104176ms] [LOG] [NASHTY AUTH] Syncing auth data with API.session @ http://localhost:3099/shared/auth.js:225
[  104198ms] [LOG] Service Worker registered with scope: http://localhost:3099/pos/frontend/ @ http://localhost:3099/pos/frontend/index.html:3860
[  104205ms] [ERROR] Failed to load resource: the server responded with a status of 404 (Not Found) @ http://localhost:3099/pos/frontend/icon-192x192.png:0
[  104205ms] [WARNING] Error while trying to use the following icon from the Manifest: http://localhost:3099/pos/frontend/icon-192x192.png (Download error or resource isn't a valid image) @ http://localhost:3099/pos/frontend/index.html:0
